CRITICAL - 2024-02-22 00:47:56 --> Invalid file: "admin_panel/incoming.php"
in SYSTEMPATH\Exceptions\FrameworkException.php on line 39.
 1 SYSTEMPATH\View\View.php(214): CodeIgniter\Exceptions\FrameworkException::forInvalidFile('admin_panel/incoming.php')
 2 SYSTEMPATH\Common.php(1188): CodeIgniter\View\View->render('admin_panel/incoming', [], true)
 3 APPPATH\Controllers\Home.php(14): view('admin_panel/incoming')
 4 SYSTEMPATH\CodeIgniter.php(919): App\Controllers\Home->incoming()
 5 SYSTEMPATH\CodeIgniter.php(494): CodeIgniter\CodeIgniter->runController(Object(App\Controllers\Home))
 6 SYSTEMPATH\CodeIgniter.php(353): CodeIgniter\CodeIgniter->handleRequest(null, Object(Config\Cache), false)
 7 FCPATH\index.php(79): CodeIgniter\CodeIgniter->run()
 8 SYSTEMPATH\Commands\Server\rewrite.php(47): require_once('C:\\laragon\\www\\e-gov_dms\\public\\index.php')
CRITICAL - 2024-02-22 00:50:58 --> Undefined variable $students
in APPPATH\Views\admin_panel\Incoming\incoming.php on line 37.
 1 APPPATH\Views\admin_panel\Incoming\incoming.php(37): CodeIgniter\Debug\Exceptions->errorHandler(2, 'Undefined variable $students', 'C:\\laragon\\www\\e-gov_dms\\app\\Views\\admin_panel\\Incoming\\incoming.php', 37)
 2 SYSTEMPATH\View\View.php(226): include('C:\\laragon\\www\\e-gov_dms\\app\\Views\\admin_panel\\Incoming\\incoming.php')
 3 SYSTEMPATH\View\View.php(229): CodeIgniter\View\View->CodeIgniter\View\{closure}()
 4 SYSTEMPATH\Common.php(1188): CodeIgniter\View\View->render('admin_panel/Incoming/incoming', [], true)
 5 APPPATH\Controllers\Home.php(14): view('admin_panel/Incoming/incoming')
 6 SYSTEMPATH\CodeIgniter.php(919): App\Controllers\Home->incoming()
 7 SYSTEMPATH\CodeIgniter.php(494): CodeIgniter\CodeIgniter->runController(Object(App\Controllers\Home))
 8 SYSTEMPATH\CodeIgniter.php(353): CodeIgniter\CodeIgniter->handleRequest(null, Object(Config\Cache), false)
 9 FCPATH\index.php(79): CodeIgniter\CodeIgniter->run()
10 SYSTEMPATH\Commands\Server\rewrite.php(47): require_once('C:\\laragon\\www\\e-gov_dms\\public\\index.php')
CRITICAL - 2024-02-22 00:51:36 --> Undefined variable $students
in APPPATH\Views\admin_panel\Incoming\incoming.php on line 37.
 1 APPPATH\Views\admin_panel\Incoming\incoming.php(37): CodeIgniter\Debug\Exceptions->errorHandler(2, 'Undefined variable $students', 'C:\\laragon\\www\\e-gov_dms\\app\\Views\\admin_panel\\Incoming\\incoming.php', 37)
 2 SYSTEMPATH\View\View.php(226): include('C:\\laragon\\www\\e-gov_dms\\app\\Views\\admin_panel\\Incoming\\incoming.php')
 3 SYSTEMPATH\View\View.php(229): CodeIgniter\View\View->CodeIgniter\View\{closure}()
 4 SYSTEMPATH\Common.php(1188): CodeIgniter\View\View->render('admin_panel/Incoming/incoming', [], true)
 5 APPPATH\Controllers\Home.php(14): view('admin_panel/Incoming/incoming')
 6 SYSTEMPATH\CodeIgniter.php(919): App\Controllers\Home->incoming()
 7 SYSTEMPATH\CodeIgniter.php(494): CodeIgniter\CodeIgniter->runController(Object(App\Controllers\Home))
 8 SYSTEMPATH\CodeIgniter.php(353): CodeIgniter\CodeIgniter->handleRequest(null, Object(Config\Cache), false)
 9 FCPATH\index.php(79): CodeIgniter\CodeIgniter->run()
10 SYSTEMPATH\Commands\Server\rewrite.php(47): require_once('C:\\laragon\\www\\e-gov_dms\\public\\index.php')
CRITICAL - 2024-02-22 00:52:18 --> Undefined variable $students
in APPPATH\Views\admin_panel\Incoming\incoming.php on line 37.
 1 APPPATH\Views\admin_panel\Incoming\incoming.php(37): CodeIgniter\Debug\Exceptions->errorHandler(2, 'Undefined variable $students', 'C:\\laragon\\www\\e-gov_dms\\app\\Views\\admin_panel\\Incoming\\incoming.php', 37)
 2 SYSTEMPATH\View\View.php(226): include('C:\\laragon\\www\\e-gov_dms\\app\\Views\\admin_panel\\Incoming\\incoming.php')
 3 SYSTEMPATH\View\View.php(229): CodeIgniter\View\View->CodeIgniter\View\{closure}()
 4 SYSTEMPATH\Common.php(1188): CodeIgniter\View\View->render('admin_panel/Incoming/incoming', [], true)
 5 APPPATH\Controllers\Home.php(14): view('admin_panel/Incoming/incoming')
 6 SYSTEMPATH\CodeIgniter.php(919): App\Controllers\Home->incoming()
 7 SYSTEMPATH\CodeIgniter.php(494): CodeIgniter\CodeIgniter->runController(Object(App\Controllers\Home))
 8 SYSTEMPATH\CodeIgniter.php(353): CodeIgniter\CodeIgniter->handleRequest(null, Object(Config\Cache), false)
 9 FCPATH\index.php(79): CodeIgniter\CodeIgniter->run()
10 SYSTEMPATH\Commands\Server\rewrite.php(47): require_once('C:\\laragon\\www\\e-gov_dms\\public\\index.php')
CRITICAL - 2024-02-22 00:53:00 --> Undefined variable $students
in APPPATH\Views\admin_panel\Incoming\incoming.php on line 37.
 1 APPPATH\Views\admin_panel\Incoming\incoming.php(37): CodeIgniter\Debug\Exceptions->errorHandler(2, 'Undefined variable $students', 'C:\\laragon\\www\\e-gov_dms\\app\\Views\\admin_panel\\Incoming\\incoming.php', 37)
 2 SYSTEMPATH\View\View.php(226): include('C:\\laragon\\www\\e-gov_dms\\app\\Views\\admin_panel\\Incoming\\incoming.php')
 3 SYSTEMPATH\View\View.php(229): CodeIgniter\View\View->CodeIgniter\View\{closure}()
 4 SYSTEMPATH\Common.php(1188): CodeIgniter\View\View->render('admin_panel/Incoming/incoming', [], true)
 5 APPPATH\Controllers\Home.php(14): view('admin_panel/Incoming/incoming')
 6 SYSTEMPATH\CodeIgniter.php(919): App\Controllers\Home->incoming()
 7 SYSTEMPATH\CodeIgniter.php(494): CodeIgniter\CodeIgniter->runController(Object(App\Controllers\Home))
 8 SYSTEMPATH\CodeIgniter.php(353): CodeIgniter\CodeIgniter->handleRequest(null, Object(Config\Cache), false)
 9 FCPATH\index.php(79): CodeIgniter\CodeIgniter->run()
10 SYSTEMPATH\Commands\Server\rewrite.php(47): require_once('C:\\laragon\\www\\e-gov_dms\\public\\index.php')
CRITICAL - 2024-02-22 00:53:04 --> Undefined variable $students
in APPPATH\Views\admin_panel\Incoming\incoming.php on line 37.
 1 APPPATH\Views\admin_panel\Incoming\incoming.php(37): CodeIgniter\Debug\Exceptions->errorHandler(2, 'Undefined variable $students', 'C:\\laragon\\www\\e-gov_dms\\app\\Views\\admin_panel\\Incoming\\incoming.php', 37)
 2 SYSTEMPATH\View\View.php(226): include('C:\\laragon\\www\\e-gov_dms\\app\\Views\\admin_panel\\Incoming\\incoming.php')
 3 SYSTEMPATH\View\View.php(229): CodeIgniter\View\View->CodeIgniter\View\{closure}()
 4 SYSTEMPATH\Common.php(1188): CodeIgniter\View\View->render('admin_panel/Incoming/incoming', [], true)
 5 APPPATH\Controllers\Home.php(14): view('admin_panel/Incoming/incoming')
 6 SYSTEMPATH\CodeIgniter.php(919): App\Controllers\Home->incoming()
 7 SYSTEMPATH\CodeIgniter.php(494): CodeIgniter\CodeIgniter->runController(Object(App\Controllers\Home))
 8 SYSTEMPATH\CodeIgniter.php(353): CodeIgniter\CodeIgniter->handleRequest(null, Object(Config\Cache), false)
 9 FCPATH\index.php(79): CodeIgniter\CodeIgniter->run()
10 SYSTEMPATH\Commands\Server\rewrite.php(47): require_once('C:\\laragon\\www\\e-gov_dms\\public\\index.php')
CRITICAL - 2024-02-22 00:53:04 --> Undefined variable $students
in APPPATH\Views\admin_panel\Incoming\incoming.php on line 37.
 1 APPPATH\Views\admin_panel\Incoming\incoming.php(37): CodeIgniter\Debug\Exceptions->errorHandler(2, 'Undefined variable $students', 'C:\\laragon\\www\\e-gov_dms\\app\\Views\\admin_panel\\Incoming\\incoming.php', 37)
 2 SYSTEMPATH\View\View.php(226): include('C:\\laragon\\www\\e-gov_dms\\app\\Views\\admin_panel\\Incoming\\incoming.php')
 3 SYSTEMPATH\View\View.php(229): CodeIgniter\View\View->CodeIgniter\View\{closure}()
 4 SYSTEMPATH\Common.php(1188): CodeIgniter\View\View->render('admin_panel/Incoming/incoming', [], true)
 5 APPPATH\Controllers\Home.php(14): view('admin_panel/Incoming/incoming')
 6 SYSTEMPATH\CodeIgniter.php(919): App\Controllers\Home->incoming()
 7 SYSTEMPATH\CodeIgniter.php(494): CodeIgniter\CodeIgniter->runController(Object(App\Controllers\Home))
 8 SYSTEMPATH\CodeIgniter.php(353): CodeIgniter\CodeIgniter->handleRequest(null, Object(Config\Cache), false)
 9 FCPATH\index.php(79): CodeIgniter\CodeIgniter->run()
10 SYSTEMPATH\Commands\Server\rewrite.php(47): require_once('C:\\laragon\\www\\e-gov_dms\\public\\index.php')
CRITICAL - 2024-02-22 00:53:04 --> Undefined variable $students
in APPPATH\Views\admin_panel\Incoming\incoming.php on line 37.
 1 APPPATH\Views\admin_panel\Incoming\incoming.php(37): CodeIgniter\Debug\Exceptions->errorHandler(2, 'Undefined variable $students', 'C:\\laragon\\www\\e-gov_dms\\app\\Views\\admin_panel\\Incoming\\incoming.php', 37)
 2 SYSTEMPATH\View\View.php(226): include('C:\\laragon\\www\\e-gov_dms\\app\\Views\\admin_panel\\Incoming\\incoming.php')
 3 SYSTEMPATH\View\View.php(229): CodeIgniter\View\View->CodeIgniter\View\{closure}()
 4 SYSTEMPATH\Common.php(1188): CodeIgniter\View\View->render('admin_panel/Incoming/incoming', [], true)
 5 APPPATH\Controllers\Home.php(14): view('admin_panel/Incoming/incoming')
 6 SYSTEMPATH\CodeIgniter.php(919): App\Controllers\Home->incoming()
 7 SYSTEMPATH\CodeIgniter.php(494): CodeIgniter\CodeIgniter->runController(Object(App\Controllers\Home))
 8 SYSTEMPATH\CodeIgniter.php(353): CodeIgniter\CodeIgniter->handleRequest(null, Object(Config\Cache), false)
 9 FCPATH\index.php(79): CodeIgniter\CodeIgniter->run()
10 SYSTEMPATH\Commands\Server\rewrite.php(47): require_once('C:\\laragon\\www\\e-gov_dms\\public\\index.php')
CRITICAL - 2024-02-22 00:53:04 --> Undefined variable $students
in APPPATH\Views\admin_panel\Incoming\incoming.php on line 37.
 1 APPPATH\Views\admin_panel\Incoming\incoming.php(37): CodeIgniter\Debug\Exceptions->errorHandler(2, 'Undefined variable $students', 'C:\\laragon\\www\\e-gov_dms\\app\\Views\\admin_panel\\Incoming\\incoming.php', 37)
 2 SYSTEMPATH\View\View.php(226): include('C:\\laragon\\www\\e-gov_dms\\app\\Views\\admin_panel\\Incoming\\incoming.php')
 3 SYSTEMPATH\View\View.php(229): CodeIgniter\View\View->CodeIgniter\View\{closure}()
 4 SYSTEMPATH\Common.php(1188): CodeIgniter\View\View->render('admin_panel/Incoming/incoming', [], true)
 5 APPPATH\Controllers\Home.php(14): view('admin_panel/Incoming/incoming')
 6 SYSTEMPATH\CodeIgniter.php(919): App\Controllers\Home->incoming()
 7 SYSTEMPATH\CodeIgniter.php(494): CodeIgniter\CodeIgniter->runController(Object(App\Controllers\Home))
 8 SYSTEMPATH\CodeIgniter.php(353): CodeIgniter\CodeIgniter->handleRequest(null, Object(Config\Cache), false)
 9 FCPATH\index.php(79): CodeIgniter\CodeIgniter->run()
10 SYSTEMPATH\Commands\Server\rewrite.php(47): require_once('C:\\laragon\\www\\e-gov_dms\\public\\index.php')
CRITICAL - 2024-02-22 00:53:05 --> Undefined variable $students
in APPPATH\Views\admin_panel\Incoming\incoming.php on line 37.
 1 APPPATH\Views\admin_panel\Incoming\incoming.php(37): CodeIgniter\Debug\Exceptions->errorHandler(2, 'Undefined variable $students', 'C:\\laragon\\www\\e-gov_dms\\app\\Views\\admin_panel\\Incoming\\incoming.php', 37)
 2 SYSTEMPATH\View\View.php(226): include('C:\\laragon\\www\\e-gov_dms\\app\\Views\\admin_panel\\Incoming\\incoming.php')
 3 SYSTEMPATH\View\View.php(229): CodeIgniter\View\View->CodeIgniter\View\{closure}()
 4 SYSTEMPATH\Common.php(1188): CodeIgniter\View\View->render('admin_panel/Incoming/incoming', [], true)
 5 APPPATH\Controllers\Home.php(14): view('admin_panel/Incoming/incoming')
 6 SYSTEMPATH\CodeIgniter.php(919): App\Controllers\Home->incoming()
 7 SYSTEMPATH\CodeIgniter.php(494): CodeIgniter\CodeIgniter->runController(Object(App\Controllers\Home))
 8 SYSTEMPATH\CodeIgniter.php(353): CodeIgniter\CodeIgniter->handleRequest(null, Object(Config\Cache), false)
 9 FCPATH\index.php(79): CodeIgniter\CodeIgniter->run()
10 SYSTEMPATH\Commands\Server\rewrite.php(47): require_once('C:\\laragon\\www\\e-gov_dms\\public\\index.php')
CRITICAL - 2024-02-22 00:53:05 --> Undefined variable $students
in APPPATH\Views\admin_panel\Incoming\incoming.php on line 37.
 1 APPPATH\Views\admin_panel\Incoming\incoming.php(37): CodeIgniter\Debug\Exceptions->errorHandler(2, 'Undefined variable $students', 'C:\\laragon\\www\\e-gov_dms\\app\\Views\\admin_panel\\Incoming\\incoming.php', 37)
 2 SYSTEMPATH\View\View.php(226): include('C:\\laragon\\www\\e-gov_dms\\app\\Views\\admin_panel\\Incoming\\incoming.php')
 3 SYSTEMPATH\View\View.php(229): CodeIgniter\View\View->CodeIgniter\View\{closure}()
 4 SYSTEMPATH\Common.php(1188): CodeIgniter\View\View->render('admin_panel/Incoming/incoming', [], true)
 5 APPPATH\Controllers\Home.php(14): view('admin_panel/Incoming/incoming')
 6 SYSTEMPATH\CodeIgniter.php(919): App\Controllers\Home->incoming()
 7 SYSTEMPATH\CodeIgniter.php(494): CodeIgniter\CodeIgniter->runController(Object(App\Controllers\Home))
 8 SYSTEMPATH\CodeIgniter.php(353): CodeIgniter\CodeIgniter->handleRequest(null, Object(Config\Cache), false)
 9 FCPATH\index.php(79): CodeIgniter\CodeIgniter->run()
10 SYSTEMPATH\Commands\Server\rewrite.php(47): require_once('C:\\laragon\\www\\e-gov_dms\\public\\index.php')
CRITICAL - 2024-02-22 00:53:05 --> Undefined variable $students
in APPPATH\Views\admin_panel\Incoming\incoming.php on line 37.
 1 APPPATH\Views\admin_panel\Incoming\incoming.php(37): CodeIgniter\Debug\Exceptions->errorHandler(2, 'Undefined variable $students', 'C:\\laragon\\www\\e-gov_dms\\app\\Views\\admin_panel\\Incoming\\incoming.php', 37)
 2 SYSTEMPATH\View\View.php(226): include('C:\\laragon\\www\\e-gov_dms\\app\\Views\\admin_panel\\Incoming\\incoming.php')
 3 SYSTEMPATH\View\View.php(229): CodeIgniter\View\View->CodeIgniter\View\{closure}()
 4 SYSTEMPATH\Common.php(1188): CodeIgniter\View\View->render('admin_panel/Incoming/incoming', [], true)
 5 APPPATH\Controllers\Home.php(14): view('admin_panel/Incoming/incoming')
 6 SYSTEMPATH\CodeIgniter.php(919): App\Controllers\Home->incoming()
 7 SYSTEMPATH\CodeIgniter.php(494): CodeIgniter\CodeIgniter->runController(Object(App\Controllers\Home))
 8 SYSTEMPATH\CodeIgniter.php(353): CodeIgniter\CodeIgniter->handleRequest(null, Object(Config\Cache), false)
 9 FCPATH\index.php(79): CodeIgniter\CodeIgniter->run()
10 SYSTEMPATH\Commands\Server\rewrite.php(47): require_once('C:\\laragon\\www\\e-gov_dms\\public\\index.php')
CRITICAL - 2024-02-22 00:53:06 --> Undefined variable $students
in APPPATH\Views\admin_panel\Incoming\incoming.php on line 37.
 1 APPPATH\Views\admin_panel\Incoming\incoming.php(37): CodeIgniter\Debug\Exceptions->errorHandler(2, 'Undefined variable $students', 'C:\\laragon\\www\\e-gov_dms\\app\\Views\\admin_panel\\Incoming\\incoming.php', 37)
 2 SYSTEMPATH\View\View.php(226): include('C:\\laragon\\www\\e-gov_dms\\app\\Views\\admin_panel\\Incoming\\incoming.php')
 3 SYSTEMPATH\View\View.php(229): CodeIgniter\View\View->CodeIgniter\View\{closure}()
 4 SYSTEMPATH\Common.php(1188): CodeIgniter\View\View->render('admin_panel/Incoming/incoming', [], true)
 5 APPPATH\Controllers\Home.php(14): view('admin_panel/Incoming/incoming')
 6 SYSTEMPATH\CodeIgniter.php(919): App\Controllers\Home->incoming()
 7 SYSTEMPATH\CodeIgniter.php(494): CodeIgniter\CodeIgniter->runController(Object(App\Controllers\Home))
 8 SYSTEMPATH\CodeIgniter.php(353): CodeIgniter\CodeIgniter->handleRequest(null, Object(Config\Cache), false)
 9 FCPATH\index.php(79): CodeIgniter\CodeIgniter->run()
10 SYSTEMPATH\Commands\Server\rewrite.php(47): require_once('C:\\laragon\\www\\e-gov_dms\\public\\index.php')
CRITICAL - 2024-02-22 00:53:09 --> Undefined variable $students
in APPPATH\Views\admin_panel\Incoming\incoming.php on line 37.
 1 APPPATH\Views\admin_panel\Incoming\incoming.php(37): CodeIgniter\Debug\Exceptions->errorHandler(2, 'Undefined variable $students', 'C:\\laragon\\www\\e-gov_dms\\app\\Views\\admin_panel\\Incoming\\incoming.php', 37)
 2 SYSTEMPATH\View\View.php(226): include('C:\\laragon\\www\\e-gov_dms\\app\\Views\\admin_panel\\Incoming\\incoming.php')
 3 SYSTEMPATH\View\View.php(229): CodeIgniter\View\View->CodeIgniter\View\{closure}()
 4 SYSTEMPATH\Common.php(1188): CodeIgniter\View\View->render('admin_panel/Incoming/incoming', [], true)
 5 APPPATH\Controllers\Home.php(14): view('admin_panel/Incoming/incoming')
 6 SYSTEMPATH\CodeIgniter.php(919): App\Controllers\Home->incoming()
 7 SYSTEMPATH\CodeIgniter.php(494): CodeIgniter\CodeIgniter->runController(Object(App\Controllers\Home))
 8 SYSTEMPATH\CodeIgniter.php(353): CodeIgniter\CodeIgniter->handleRequest(null, Object(Config\Cache), false)
 9 FCPATH\index.php(79): CodeIgniter\CodeIgniter->run()
10 SYSTEMPATH\Commands\Server\rewrite.php(47): require_once('C:\\laragon\\www\\e-gov_dms\\public\\index.php')
CRITICAL - 2024-02-22 02:32:54 --> Invalid file: "admin_panel/Incoming/incoming.php"
in SYSTEMPATH\Exceptions\FrameworkException.php on line 39.
 1 SYSTEMPATH\View\View.php(214): CodeIgniter\Exceptions\FrameworkException::forInvalidFile('admin_panel/Incoming/incoming.php')
 2 SYSTEMPATH\Common.php(1188): CodeIgniter\View\View->render('admin_panel/Incoming/incoming', [], true)
 3 APPPATH\Controllers\Home.php(14): view('admin_panel/Incoming/incoming')
 4 SYSTEMPATH\CodeIgniter.php(919): App\Controllers\Home->incoming()
 5 SYSTEMPATH\CodeIgniter.php(494): CodeIgniter\CodeIgniter->runController(Object(App\Controllers\Home))
 6 SYSTEMPATH\CodeIgniter.php(353): CodeIgniter\CodeIgniter->handleRequest(null, Object(Config\Cache), false)
 7 FCPATH\index.php(79): CodeIgniter\CodeIgniter->run()
 8 SYSTEMPATH\Commands\Server\rewrite.php(47): require_once('C:\\laragon\\www\\e-gov_dms\\public\\index.php')
