CRITICAL - 2024-02-14 11:55:50 --> include(includes/header.php): Failed to open stream: No such file or directory
in APPPATH\Views\Admin_Template\index.php on line 2.
 1 APPPATH\Views\Admin_Template\index.php(2): CodeIgniter\Debug\Exceptions->errorHandler(2, 'include(includes/header.php): Failed to open stream: No such file or directory', 'C:\\laragon\\www\\e-gov_dms\\app\\Views\\Admin_Template\\index.php', 2)
 2 APPPATH\Views\Admin_Template\index.php(2): include()
 3 SYSTEMPATH\View\View.php(226): include('C:\\laragon\\www\\e-gov_dms\\app\\Views\\Admin_Template\\index.php')
 4 SYSTEMPATH\View\View.php(229): CodeIgniter\View\View->CodeIgniter\View\{closure}()
 5 SYSTEMPATH\Common.php(1188): CodeIgniter\View\View->render('Admin_Template/index', [], true)
 6 APPPATH\Controllers\Home.php(9): view('Admin_Template/index')
 7 SYSTEMPATH\CodeIgniter.php(919): App\Controllers\Home->index()
 8 SYSTEMPATH\CodeIgniter.php(494): CodeIgniter\CodeIgniter->runController(Object(App\Controllers\Home))
 9 SYSTEMPATH\CodeIgniter.php(353): CodeIgniter\CodeIgniter->handleRequest(null, Object(Config\Cache), false)
10 FCPATH\index.php(79): CodeIgniter\CodeIgniter->run()
11 SYSTEMPATH\Commands\Server\rewrite.php(47): require_once('C:\\laragon\\www\\e-gov_dms\\public\\index.php')
CRITICAL - 2024-02-14 11:57:41 --> include(includes/header.php): Failed to open stream: No such file or directory
in APPPATH\Views\Admin_Template\index.php on line 2.
 1 APPPATH\Views\Admin_Template\index.php(2): CodeIgniter\Debug\Exceptions->errorHandler(2, 'include(includes/header.php): Failed to open stream: No such file or directory', 'C:\\laragon\\www\\e-gov_dms\\app\\Views\\Admin_Template\\index.php', 2)
 2 APPPATH\Views\Admin_Template\index.php(2): include()
 3 SYSTEMPATH\View\View.php(226): include('C:\\laragon\\www\\e-gov_dms\\app\\Views\\Admin_Template\\index.php')
 4 SYSTEMPATH\View\View.php(229): CodeIgniter\View\View->CodeIgniter\View\{closure}()
 5 SYSTEMPATH\Common.php(1188): CodeIgniter\View\View->render('Admin_Template/index', [], true)
 6 APPPATH\Controllers\Home.php(9): view('Admin_Template/index')
 7 SYSTEMPATH\CodeIgniter.php(919): App\Controllers\Home->index()
 8 SYSTEMPATH\CodeIgniter.php(494): CodeIgniter\CodeIgniter->runController(Object(App\Controllers\Home))
 9 SYSTEMPATH\CodeIgniter.php(353): CodeIgniter\CodeIgniter->handleRequest(null, Object(Config\Cache), false)
10 FCPATH\index.php(79): CodeIgniter\CodeIgniter->run()
11 SYSTEMPATH\Commands\Server\rewrite.php(47): require_once('C:\\laragon\\www\\e-gov_dms\\public\\index.php')
CRITICAL - 2024-02-14 11:59:16 --> include(includes/header.php): Failed to open stream: No such file or directory
in APPPATH\Views\Admin_Template\index.php on line 1.
 1 APPPATH\Views\Admin_Template\index.php(1): CodeIgniter\Debug\Exceptions->errorHandler(2, 'include(includes/header.php): Failed to open stream: No such file or directory', 'C:\\laragon\\www\\e-gov_dms\\app\\Views\\Admin_Template\\index.php', 1)
 2 APPPATH\Views\Admin_Template\index.php(1): include()
 3 SYSTEMPATH\View\View.php(226): include('C:\\laragon\\www\\e-gov_dms\\app\\Views\\Admin_Template\\index.php')
 4 SYSTEMPATH\View\View.php(229): CodeIgniter\View\View->CodeIgniter\View\{closure}()
 5 SYSTEMPATH\Common.php(1188): CodeIgniter\View\View->render('Admin_Template/index', [], true)
 6 APPPATH\Controllers\Home.php(9): view('Admin_Template/index')
 7 SYSTEMPATH\CodeIgniter.php(919): App\Controllers\Home->index()
 8 SYSTEMPATH\CodeIgniter.php(494): CodeIgniter\CodeIgniter->runController(Object(App\Controllers\Home))
 9 SYSTEMPATH\CodeIgniter.php(353): CodeIgniter\CodeIgniter->handleRequest(null, Object(Config\Cache), false)
10 FCPATH\index.php(79): CodeIgniter\CodeIgniter->run()
11 SYSTEMPATH\Commands\Server\rewrite.php(47): require_once('C:\\laragon\\www\\e-gov_dms\\public\\index.php')
CRITICAL - 2024-02-14 12:01:03 --> include(includes/navbar-top.php): Failed to open stream: No such file or directory
in APPPATH\Views\includes\header.php on line 16.
 1 APPPATH\Views\includes\header.php(16): CodeIgniter\Debug\Exceptions->errorHandler(2, 'include(includes/navbar-top.php): Failed to open stream: No such file or directory', 'C:\\laragon\\www\\e-gov_dms\\app\\Views\\includes\\header.php', 16)
 2 APPPATH\Views\includes\header.php(16): include()
 3 SYSTEMPATH\View\View.php(226): include('C:\\laragon\\www\\e-gov_dms\\app\\Views\\includes\\header.php')
 4 SYSTEMPATH\View\View.php(229): CodeIgniter\View\View->CodeIgniter\View\{closure}()
 5 SYSTEMPATH\View\View.php(467): CodeIgniter\View\View->render('includes/header.php', null, true)
 6 APPPATH\Views\Admin_Template\index.php(1): CodeIgniter\View\View->include('includes/header.php')
 7 SYSTEMPATH\View\View.php(226): include('C:\\laragon\\www\\e-gov_dms\\app\\Views\\Admin_Template\\index.php')
 8 SYSTEMPATH\View\View.php(229): CodeIgniter\View\View->CodeIgniter\View\{closure}()
 9 SYSTEMPATH\Common.php(1188): CodeIgniter\View\View->render('Admin_Template/index', [], true)
10 APPPATH\Controllers\Home.php(9): view('Admin_Template/index')
11 SYSTEMPATH\CodeIgniter.php(919): App\Controllers\Home->index()
12 SYSTEMPATH\CodeIgniter.php(494): CodeIgniter\CodeIgniter->runController(Object(App\Controllers\Home))
13 SYSTEMPATH\CodeIgniter.php(353): CodeIgniter\CodeIgniter->handleRequest(null, Object(Config\Cache), false)
14 FCPATH\index.php(79): CodeIgniter\CodeIgniter->run()
15 SYSTEMPATH\Commands\Server\rewrite.php(47): require_once('C:\\laragon\\www\\e-gov_dms\\public\\index.php')
CRITICAL - 2024-02-14 12:12:12 --> Invalid file: "includes/scripts.php"
in SYSTEMPATH\Exceptions\FrameworkException.php on line 39.
 1 SYSTEMPATH\View\View.php(214): CodeIgniter\Exceptions\FrameworkException::forInvalidFile('includes/scripts.php')
 2 SYSTEMPATH\View\View.php(467): CodeIgniter\View\View->render('includes/scripts.php', null, true)
 3 APPPATH\Views\Admin_Template\index.php(4): CodeIgniter\View\View->include('includes/scripts.php')
 4 SYSTEMPATH\View\View.php(226): include('C:\\laragon\\www\\e-gov_dms\\app\\Views\\Admin_Template\\index.php')
 5 SYSTEMPATH\View\View.php(229): CodeIgniter\View\View->CodeIgniter\View\{closure}()
 6 SYSTEMPATH\Common.php(1188): CodeIgniter\View\View->render('Admin_Template/index', [], true)
 7 APPPATH\Controllers\Home.php(9): view('Admin_Template/index')
 8 SYSTEMPATH\CodeIgniter.php(919): App\Controllers\Home->index()
 9 SYSTEMPATH\CodeIgniter.php(494): CodeIgniter\CodeIgniter->runController(Object(App\Controllers\Home))
10 SYSTEMPATH\CodeIgniter.php(353): CodeIgniter\CodeIgniter->handleRequest(null, Object(Config\Cache), false)
11 FCPATH\index.php(79): CodeIgniter\CodeIgniter->run()
12 SYSTEMPATH\Commands\Server\rewrite.php(47): require_once('C:\\laragon\\www\\e-gov_dms\\public\\index.php')
