CRITICAL - 2024-02-21 00:00:08 --> Invalid file: "Admin_Template/index.php"
in SYSTEMPATH\Exceptions\FrameworkException.php on line 39.
 1 SYSTEMPATH\View\View.php(214): CodeIgniter\Exceptions\FrameworkException::forInvalidFile('Admin_Template/index.php')
 2 SYSTEMPATH\Common.php(1188): CodeIgniter\View\View->render('Admin_Template/index', [], true)
 3 APPPATH\Controllers\Home.php(9): view('Admin_Template/index')
 4 SYSTEMPATH\CodeIgniter.php(919): App\Controllers\Home->index()
 5 SYSTEMPATH\CodeIgniter.php(494): CodeIgniter\CodeIgniter->runController(Object(App\Controllers\Home))
 6 SYSTEMPATH\CodeIgniter.php(353): CodeIgniter\CodeIgniter->handleRequest(null, Object(Config\Cache), false)
 7 FCPATH\index.php(79): CodeIgniter\CodeIgniter->run()
 8 SYSTEMPATH\Commands\Server\rewrite.php(47): require_once('C:\\laragon\\www\\e-gov_dms\\public\\index.php')
CRITICAL - 2024-02-21 00:43:43 --> Invalid file: "includes/s.php"
in SYSTEMPATH\Exceptions\FrameworkException.php on line 39.
 1 SYSTEMPATH\View\View.php(214): CodeIgniter\Exceptions\FrameworkException::forInvalidFile('includes/s.php')
 2 SYSTEMPATH\View\View.php(467): CodeIgniter\View\View->render('includes/s.php', null, true)
 3 APPPATH\Views\includes\header.php(24): CodeIgniter\View\View->include('includes/s.php')
 4 SYSTEMPATH\View\View.php(226): include('C:\\laragon\\www\\e-gov_dms\\app\\Views\\includes\\header.php')
 5 SYSTEMPATH\View\View.php(229): CodeIgniter\View\View->CodeIgniter\View\{closure}()
 6 SYSTEMPATH\View\View.php(467): CodeIgniter\View\View->render('includes/header', null, true)
 7 APPPATH\Views\admin_panel\static.php(1): CodeIgniter\View\View->include('includes/header')
 8 SYSTEMPATH\View\View.php(226): include('C:\\laragon\\www\\e-gov_dms\\app\\Views\\admin_panel\\static.php')
 9 SYSTEMPATH\View\View.php(229): CodeIgniter\View\View->CodeIgniter\View\{closure}()
10 SYSTEMPATH\Common.php(1188): CodeIgniter\View\View->render('admin_panel/static', [], true)
11 APPPATH\Controllers\Home.php(14): view('admin_panel/static')
12 SYSTEMPATH\CodeIgniter.php(919): App\Controllers\Home->static()
13 SYSTEMPATH\CodeIgniter.php(494): CodeIgniter\CodeIgniter->runController(Object(App\Controllers\Home))
14 SYSTEMPATH\CodeIgniter.php(353): CodeIgniter\CodeIgniter->handleRequest(null, Object(Config\Cache), false)
15 FCPATH\index.php(79): CodeIgniter\CodeIgniter->run()
16 SYSTEMPATH\Commands\Server\rewrite.php(47): require_once('C:\\laragon\\www\\e-gov_dms\\public\\index.php')
ERROR - 2024-02-21 03:31:01 --> Error connecting to the database: mysqli_sql_exception: Access denied for user ''@'localhost' (using password: NO) in C:\laragon\www\e-gov_dms\system\Database\MySQLi\Connection.php:185
Stack trace:
#0 C:\laragon\www\e-gov_dms\system\Database\MySQLi\Connection.php(185): mysqli->real_connect('localhost', '', '', '', 3306, '', 0)
#1 C:\laragon\www\e-gov_dms\system\Database\BaseConnection.php(391): CodeIgniter\Database\MySQLi\Connection->connect(false)
#2 C:\laragon\www\e-gov_dms\system\Database\BaseConnection.php(574): CodeIgniter\Database\BaseConnection->initialize()
#3 C:\laragon\www\e-gov_dms\app\Libraries\TestLibrary.php(15): CodeIgniter\Database\BaseConnection->query('SELECT * from e...')
#4 C:\laragon\www\e-gov_dms\app\Controllers\TestController.php(17): App\Libraries\TestLibrary->getData()
#5 C:\laragon\www\e-gov_dms\system\CodeIgniter.php(919): App\Controllers\TestController->index()
#6 C:\laragon\www\e-gov_dms\system\CodeIgniter.php(494): CodeIgniter\CodeIgniter->runController(Object(App\Controllers\TestController))
#7 C:\laragon\www\e-gov_dms\system\CodeIgniter.php(353): CodeIgniter\CodeIgniter->handleRequest(NULL, Object(Config\Cache), false)
#8 C:\laragon\www\e-gov_dms\public\index.php(79): CodeIgniter\CodeIgniter->run()
#9 C:\laragon\www\e-gov_dms\system\Commands\Server\rewrite.php(47): require_once('C:\\laragon\\www\\...')
#10 {main}

Next CodeIgniter\Database\Exceptions\DatabaseException: Access denied for user ''@'localhost' (using password: NO) in C:\laragon\www\e-gov_dms\system\Database\MySQLi\Connection.php:229
Stack trace:
#0 C:\laragon\www\e-gov_dms\system\Database\BaseConnection.php(391): CodeIgniter\Database\MySQLi\Connection->connect(false)
#1 C:\laragon\www\e-gov_dms\system\Database\BaseConnection.php(574): CodeIgniter\Database\BaseConnection->initialize()
#2 C:\laragon\www\e-gov_dms\app\Libraries\TestLibrary.php(15): CodeIgniter\Database\BaseConnection->query('SELECT * from e...')
#3 C:\laragon\www\e-gov_dms\app\Controllers\TestController.php(17): App\Libraries\TestLibrary->getData()
#4 C:\laragon\www\e-gov_dms\system\CodeIgniter.php(919): App\Controllers\TestController->index()
#5 C:\laragon\www\e-gov_dms\system\CodeIgniter.php(494): CodeIgniter\CodeIgniter->runController(Object(App\Controllers\TestController))
#6 C:\laragon\www\e-gov_dms\system\CodeIgniter.php(353): CodeIgniter\CodeIgniter->handleRequest(NULL, Object(Config\Cache), false)
#7 C:\laragon\www\e-gov_dms\public\index.php(79): CodeIgniter\CodeIgniter->run()
#8 C:\laragon\www\e-gov_dms\system\Commands\Server\rewrite.php(47): require_once('C:\\laragon\\www\\...')
#9 {main}
CRITICAL - 2024-02-21 03:31:01 --> Unable to connect to the database.
Main connection [MySQLi]: Access denied for user ''@'localhost' (using password: NO)
in SYSTEMPATH\Database\BaseConnection.php on line 427.
 1 SYSTEMPATH\Database\BaseConnection.php(574): CodeIgniter\Database\BaseConnection->initialize()
 2 APPPATH\Libraries\TestLibrary.php(15): CodeIgniter\Database\BaseConnection->query('SELECT * from employees')
 3 APPPATH\Controllers\TestController.php(17): App\Libraries\TestLibrary->getData()
 4 SYSTEMPATH\CodeIgniter.php(919): App\Controllers\TestController->index()
 5 SYSTEMPATH\CodeIgniter.php(494): CodeIgniter\CodeIgniter->runController(Object(App\Controllers\TestController))
 6 SYSTEMPATH\CodeIgniter.php(353): CodeIgniter\CodeIgniter->handleRequest(null, Object(Config\Cache), false)
 7 FCPATH\index.php(79): CodeIgniter\CodeIgniter->run()
 8 SYSTEMPATH\Commands\Server\rewrite.php(47): require_once('C:\\laragon\\www\\e-gov_dms\\public\\index.php')
ERROR - 2024-02-21 03:32:22 --> mysqli_sql_exception: Table 'codeigniter4.employees' doesn't exist in C:\laragon\www\e-gov_dms\system\Database\MySQLi\Connection.php:306
Stack trace:
#0 C:\laragon\www\e-gov_dms\system\Database\MySQLi\Connection.php(306): mysqli->query('SELECT * from e...', 0)
#1 C:\laragon\www\e-gov_dms\system\Database\BaseConnection.php(692): CodeIgniter\Database\MySQLi\Connection->execute('SELECT * from e...')
#2 C:\laragon\www\e-gov_dms\system\Database\BaseConnection.php(606): CodeIgniter\Database\BaseConnection->simpleQuery('SELECT * from e...')
#3 C:\laragon\www\e-gov_dms\app\Libraries\TestLibrary.php(15): CodeIgniter\Database\BaseConnection->query('SELECT * from e...')
#4 C:\laragon\www\e-gov_dms\app\Controllers\TestController.php(17): App\Libraries\TestLibrary->getData()
#5 C:\laragon\www\e-gov_dms\system\CodeIgniter.php(919): App\Controllers\TestController->index()
#6 C:\laragon\www\e-gov_dms\system\CodeIgniter.php(494): CodeIgniter\CodeIgniter->runController(Object(App\Controllers\TestController))
#7 C:\laragon\www\e-gov_dms\system\CodeIgniter.php(353): CodeIgniter\CodeIgniter->handleRequest(NULL, Object(Config\Cache), false)
#8 C:\laragon\www\e-gov_dms\public\index.php(79): CodeIgniter\CodeIgniter->run()
#9 C:\laragon\www\e-gov_dms\system\Commands\Server\rewrite.php(47): require_once('C:\\laragon\\www\\...')
#10 {main}
CRITICAL - 2024-02-21 03:32:22 --> Table 'codeigniter4.employees' doesn't exist
in SYSTEMPATH\Database\BaseConnection.php on line 646.
 1 APPPATH\Libraries\TestLibrary.php(15): CodeIgniter\Database\BaseConnection->query('SELECT * from employees')
 2 APPPATH\Controllers\TestController.php(17): App\Libraries\TestLibrary->getData()
 3 SYSTEMPATH\CodeIgniter.php(919): App\Controllers\TestController->index()
 4 SYSTEMPATH\CodeIgniter.php(494): CodeIgniter\CodeIgniter->runController(Object(App\Controllers\TestController))
 5 SYSTEMPATH\CodeIgniter.php(353): CodeIgniter\CodeIgniter->handleRequest(null, Object(Config\Cache), false)
 6 FCPATH\index.php(79): CodeIgniter\CodeIgniter->run()
 7 SYSTEMPATH\Commands\Server\rewrite.php(47): require_once('C:\\laragon\\www\\e-gov_dms\\public\\index.php')
ERROR - 2024-02-21 03:37:07 --> mysqli_sql_exception: Table 'codeigniter4.student' doesn't exist in C:\laragon\www\e-gov_dms\system\Database\MySQLi\Connection.php:306
Stack trace:
#0 C:\laragon\www\e-gov_dms\system\Database\MySQLi\Connection.php(306): mysqli->query('SELECT *\nFROM `...', 0)
#1 C:\laragon\www\e-gov_dms\system\Database\BaseConnection.php(692): CodeIgniter\Database\MySQLi\Connection->execute('SELECT *\nFROM `...')
#2 C:\laragon\www\e-gov_dms\system\Database\BaseConnection.php(606): CodeIgniter\Database\BaseConnection->simpleQuery('SELECT *\nFROM `...')
#3 C:\laragon\www\e-gov_dms\system\Database\BaseBuilder.php(1615): CodeIgniter\Database\BaseConnection->query('SELECT *\nFROM `...', Array, false)
#4 C:\laragon\www\e-gov_dms\system\Model.php(237): CodeIgniter\Database\BaseBuilder->get()
#5 C:\laragon\www\e-gov_dms\system\BaseModel.php(624): CodeIgniter\Model->doFindAll(0, 0)
#6 C:\laragon\www\e-gov_dms\app\Libraries\TestLibrary.php(19): CodeIgniter\BaseModel->findAll()
#7 C:\laragon\www\e-gov_dms\app\Controllers\TestController.php(17): App\Libraries\TestLibrary->getData()
#8 C:\laragon\www\e-gov_dms\system\CodeIgniter.php(919): App\Controllers\TestController->index()
#9 C:\laragon\www\e-gov_dms\system\CodeIgniter.php(494): CodeIgniter\CodeIgniter->runController(Object(App\Controllers\TestController))
#10 C:\laragon\www\e-gov_dms\system\CodeIgniter.php(353): CodeIgniter\CodeIgniter->handleRequest(NULL, Object(Config\Cache), false)
#11 C:\laragon\www\e-gov_dms\public\index.php(79): CodeIgniter\CodeIgniter->run()
#12 C:\laragon\www\e-gov_dms\system\Commands\Server\rewrite.php(47): require_once('C:\\laragon\\www\\...')
#13 {main}
CRITICAL - 2024-02-21 03:37:07 --> Table 'codeigniter4.student' doesn't exist
in SYSTEMPATH\Database\BaseConnection.php on line 646.
 1 SYSTEMPATH\Database\BaseBuilder.php(1615): CodeIgniter\Database\BaseConnection->query('SELECT *
FROM `student`', [], false)
 2 SYSTEMPATH\Model.php(237): CodeIgniter\Database\BaseBuilder->get()
 3 SYSTEMPATH\BaseModel.php(624): CodeIgniter\Model->doFindAll(0, 0)
 4 APPPATH\Libraries\TestLibrary.php(19): CodeIgniter\BaseModel->findAll()
 5 APPPATH\Controllers\TestController.php(17): App\Libraries\TestLibrary->getData()
 6 SYSTEMPATH\CodeIgniter.php(919): App\Controllers\TestController->index()
 7 SYSTEMPATH\CodeIgniter.php(494): CodeIgniter\CodeIgniter->runController(Object(App\Controllers\TestController))
 8 SYSTEMPATH\CodeIgniter.php(353): CodeIgniter\CodeIgniter->handleRequest(null, Object(Config\Cache), false)
 9 FCPATH\index.php(79): CodeIgniter\CodeIgniter->run()
10 SYSTEMPATH\Commands\Server\rewrite.php(47): require_once('C:\\laragon\\www\\e-gov_dms\\public\\index.php')
